\BOOKMARK [0][-]{abstract.0}{Abstract}{}% 1
\BOOKMARK [0][-]{contents.0}{Contents}{}% 2
\BOOKMARK [0][-]{chapter*.2}{Figures}{}% 3
\BOOKMARK [0][-]{chapter*.3}{Tables}{}% 4
\BOOKMARK [0][-]{chapter.1}{Chapter 1: Introduction}{}% 5
\BOOKMARK [1][-]{section.1.1}{1.1 Nuclear Excitations}{chapter.1}% 6
\BOOKMARK [2][-]{subsection.1.1.1}{1.1.1 Collective Excitations}{section.1.1}% 7
\BOOKMARK [2][-]{subsection.1.1.2}{1.1.2 Shape Coexistence}{section.1.1}% 8
\BOOKMARK [1][-]{section.1.2}{1.2 Multipole Radiation}{chapter.1}% 9
\BOOKMARK [1][-]{section.1.3}{1.3 Internal Conversion}{chapter.1}% 10
\BOOKMARK [2][-]{subsection.1.3.1}{1.3.1 E0 Transitions}{section.1.3}% 11
\BOOKMARK [1][-]{section.1.4}{1.4 The Rare Earth Region: N=90,Z=60}{chapter.1}% 12
\BOOKMARK [0][-]{chapter.2}{Chapter 2: Experimental Setup}{}% 13
\BOOKMARK [1][-]{section.2.1}{2.1 Overview}{chapter.2}% 14
\BOOKMARK [1][-]{section.2.2}{2.2 Nuclear Science Laboratory at Notre Dame}{chapter.2}% 15
\BOOKMARK [1][-]{section.2.3}{2.3 Beam Production}{chapter.2}% 16
\BOOKMARK [2][-]{subsection.2.3.1}{2.3.1 Talys Calculations}{section.2.3}% 17
\BOOKMARK [2][-]{subsection.2.3.2}{2.3.2 Test Analysis and Results}{section.2.3}% 18
\BOOKMARK [1][-]{section.2.4}{2.4 Electron Detection}{chapter.2}% 19
\BOOKMARK [2][-]{subsection.2.4.1}{2.4.1 Internal Conversion Electron Ball Spectrometer}{section.2.4}% 20
\BOOKMARK [3][-]{subsubsection.2.4.1.1}{2.4.1.1 Mini-Orange Spectrometer}{subsection.2.4.1}% 21
\BOOKMARK [2][-]{subsection.2.4.2}{2.4.2 Calibration}{section.2.4}% 22
\BOOKMARK [1][-]{section.2.5}{2.5 Gamma Detection}{chapter.2}% 23
\BOOKMARK [2][-]{subsection.2.5.1}{2.5.1 GEORGINA}{section.2.5}% 24
\BOOKMARK [2][-]{subsection.2.5.2}{2.5.2 CloverShare}{section.2.5}% 25
\BOOKMARK [2][-]{subsection.2.5.3}{2.5.3 Calibration}{section.2.5}% 26
\BOOKMARK [1][-]{section.2.6}{2.6 Target Fabrication}{chapter.2}% 27
\BOOKMARK [1][-]{section.2.7}{2.7 Experimental Configuration and Operation}{chapter.2}% 28
\BOOKMARK [2][-]{subsection.2.7.1}{2.7.1 Experimental Beam Operation}{section.2.7}% 29
\BOOKMARK [2][-]{subsection.2.7.2}{2.7.2 GEORGINA Configuration and Electronics}{section.2.7}% 30
\BOOKMARK [2][-]{subsection.2.7.3}{2.7.3 Clovershare Configuration and Electronics}{section.2.7}% 31
\BOOKMARK [0][-]{chapter.3}{Chapter 3: Analysis}{}% 32
\BOOKMARK [1][-]{section.3.1}{3.1 Fitting Spectra}{chapter.3}% 33
\BOOKMARK [1][-]{section.3.2}{3.2 Gating}{chapter.3}% 34
\BOOKMARK [1][-]{section.3.3}{3.3 Systematic Effects}{chapter.3}% 35
\BOOKMARK [2][-]{subsection.3.3.1}{3.3.1 Electronics-based Integral Non-Linearities}{section.3.3}% 36
\BOOKMARK [2][-]{subsection.3.3.2}{3.3.2 Run-based Calibration Corrections}{section.3.3}% 37
\BOOKMARK [2][-]{subsection.3.3.3}{3.3.3 Angular Distributions and Angular Correlations}{section.3.3}% 38
\BOOKMARK [1][-]{section.3.4}{3.4 Upper Limits}{chapter.3}% 39
\BOOKMARK [1][-]{section.3.5}{3.5 Error Analysis}{chapter.3}% 40
\BOOKMARK [0][-]{chapter.4}{Chapter 4: 154Gd Results}{}% 41
\BOOKMARK [1][-]{section.4.1}{4.1 Ground State Band Confirmation}{chapter.4}% 42
\BOOKMARK [1][-]{section.4.2}{4.2 Gates on the Ground State Band}{chapter.4}% 43
\BOOKMARK [1][-]{section.4.3}{4.3 Conversion Coefficients from Singles}{chapter.4}% 44
\BOOKMARK [1][-]{section.4.4}{4.4 JJ Transitions}{chapter.4}% 45
\BOOKMARK [2][-]{subsection.4.4.1}{4.4.1 0+0+ Identification and Population}{section.4.4}% 46
\BOOKMARK [2][-]{subsection.4.4.2}{4.4.2 JJ Transitions}{section.4.4}% 47
\BOOKMARK [3][-]{subsubsection.4.4.2.1}{4.4.2.1 K=0+2, First Excited 0+ Band, 680.6673 keV}{subsection.4.4.2}% 48
\BOOKMARK [3][-]{subsubsection.4.4.2.2}{4.4.2.2 K=0+3, Second Excited 0+ Band, 1182.091 keV}{subsection.4.4.2}% 49
\BOOKMARK [3][-]{subsubsection.4.4.2.3}{4.4.2.3 K=0+6, Fifth Excited 0+ Band, 1573.9 keV}{subsection.4.4.2}% 50
\BOOKMARK [3][-]{subsubsection.4.4.2.4}{4.4.2.4 K=0+7, Sixth Excited 0+ Band, 1650.3 keV}{subsection.4.4.2}% 51
\BOOKMARK [3][-]{subsubsection.4.4.2.5}{4.4.2.5 K=2+, \040Band, 996.264 keV}{subsection.4.4.2}% 52
\BOOKMARK [3][-]{subsubsection.4.4.2.6}{4.4.2.6 K=2+2, Second Excited 2+ Band, 1531.305 keV}{subsection.4.4.2}% 53
\BOOKMARK [3][-]{subsubsection.4.4.2.7}{4.4.2.7 K=4+1, First Excited 4+ Band, 1645.814 keV}{subsection.4.4.2}% 54
\BOOKMARK [0][-]{chapter.5}{Chapter 5: 156Gd Results}{}% 55
\BOOKMARK [1][-]{section.5.1}{5.1 Ground State Band Confirmation}{chapter.5}% 56
\BOOKMARK [1][-]{section.5.2}{5.2 Gates on the Ground State Band}{chapter.5}% 57
\BOOKMARK [1][-]{section.5.3}{5.3 Conversion Coefficients from Singles}{chapter.5}% 58
\BOOKMARK [1][-]{section.5.4}{5.4 JJ Transitions}{chapter.5}% 59
\BOOKMARK [2][-]{subsection.5.4.1}{5.4.1 0+0+ Identification and Population}{section.5.4}% 60
\BOOKMARK [2][-]{subsection.5.4.2}{5.4.2 JJ Transitions}{section.5.4}% 61
\BOOKMARK [3][-]{subsubsection.5.4.2.1}{5.4.2.1 K=0+3, Second Excited 0+ Band, 1168.186 keV}{subsection.5.4.2}% 62
\BOOKMARK [3][-]{subsubsection.5.4.2.2}{5.4.2.2 K=2+2, Second Excited 2+ Band, 1827.841 keV}{subsection.5.4.2}% 63
\BOOKMARK [3][-]{subsubsection.5.4.2.3}{5.4.2.3 K=4+1, First Excited 4+ Band, 1510.594 keV}{subsection.5.4.2}% 64
\BOOKMARK [0][-]{chapter.6}{Chapter 6: Discussion}{}% 65
\BOOKMARK [1][-]{section.6.1}{6.1 Dynamic Symmetries in Nuclei}{chapter.6}% 66
\BOOKMARK [1][-]{section.6.2}{6.2 Dynamic Moments of Inertia}{chapter.6}% 67
\BOOKMARK [1][-]{section.6.3}{6.3 154Gd Results}{chapter.6}% 68
\BOOKMARK [2][-]{subsection.6.3.1}{6.3.1 K=0+2, First Excited 0+ Band, 680.6673 keV}{section.6.3}% 69
\BOOKMARK [2][-]{subsection.6.3.2}{6.3.2 K=0+3, Second Excited 0+ Band, 1182.091 keV}{section.6.3}% 70
\BOOKMARK [2][-]{subsection.6.3.3}{6.3.3 K=0+6, Fifth Excited 0+ Band, 1573.9 keV}{section.6.3}% 71
\BOOKMARK [2][-]{subsection.6.3.4}{6.3.4 K=0+7, Sixth Excited 0+ Band, 1650.3 keV}{section.6.3}% 72
\BOOKMARK [2][-]{subsection.6.3.5}{6.3.5 K=2+, \040Band, 996.264 keV}{section.6.3}% 73
\BOOKMARK [2][-]{subsection.6.3.6}{6.3.6 K=2+2, Second Excited 2+ Band, 1531.305 keV}{section.6.3}% 74
\BOOKMARK [2][-]{subsection.6.3.7}{6.3.7 K=4+, First Excited 4+ Band, 1645.814 keV}{section.6.3}% 75
\BOOKMARK [2][-]{subsection.6.3.8}{6.3.8 Summary and Conclusions}{section.6.3}% 76
\BOOKMARK [1][-]{section.6.4}{6.4 156Gd Results}{chapter.6}% 77
\BOOKMARK [2][-]{subsection.6.4.1}{6.4.1 K=0+2, First Excited 0+ Band, 1049.487 keV}{section.6.4}% 78
\BOOKMARK [2][-]{subsection.6.4.2}{6.4.2 K=0+3, Second Excited 0+ Band, 1168.186 keV}{section.6.4}% 79
\BOOKMARK [2][-]{subsection.6.4.3}{6.4.3 K=2+, \040Band, 1065.1781 keV}{section.6.4}% 80
\BOOKMARK [2][-]{subsection.6.4.4}{6.4.4 K=2+, Second Excited 2+ Band, 1827.841 keV}{section.6.4}% 81
\BOOKMARK [2][-]{subsection.6.4.5}{6.4.5 K=4+, First Excited 4+ Band, 1510.594 keV}{section.6.4}% 82
\BOOKMARK [2][-]{subsection.6.4.6}{6.4.6 Summary and Conclusions}{section.6.4}% 83
\BOOKMARK [0][-]{chapter.7}{Chapter 7: Future Work}{}% 84
\BOOKMARK [1][-]{section.7.1}{7.1 Detector Upgrades}{chapter.7}% 85
\BOOKMARK [2][-]{subsection.7.1.1}{7.1.1 fIREBAll}{section.7.1}% 86
\BOOKMARK [2][-]{subsection.7.1.2}{7.1.2 Magnet Designs}{section.7.1}% 87
\BOOKMARK [1][-]{section.7.2}{7.2 Target Upgrades}{chapter.7}% 88
\BOOKMARK [1][-]{section.7.3}{7.3 Electronics}{chapter.7}% 89
\BOOKMARK [1][-]{section.7.4}{7.4 Additional Experiments}{chapter.7}% 90
\BOOKMARK [1][-]{section.7.5}{7.5 Outlook}{chapter.7}% 91
\BOOKMARK [0][-]{appendix.A}{Appendix A: 154Gd Gated Spectra}{}% 92
\BOOKMARK [0][-]{appendix.B}{Appendix B: 156Gd Gated Spectra}{}% 93
\BOOKMARK [0][-]{appendix.C}{Appendix C: Analysis Code}{}% 94
\BOOKMARK [1][-]{section.C.1}{C.1 Coincidence Code}{appendix.C}% 95
\BOOKMARK [2][-]{subsection.C.1.1}{C.1.1 README.md}{section.C.1}% 96
\BOOKMARK [2][-]{subsection.C.1.2}{C.1.2 Makefile}{section.C.1}% 97
\BOOKMARK [2][-]{subsection.C.1.3}{C.1.3 Queuescript.sh}{section.C.1}% 98
\BOOKMARK [2][-]{subsection.C.1.4}{C.1.4 src/main.cxx}{section.C.1}% 99
\BOOKMARK [2][-]{subsection.C.1.5}{C.1.5 src/analysis.cxx}{section.C.1}% 100
\BOOKMARK [2][-]{subsection.C.1.6}{C.1.6 src/analysis.h}{section.C.1}% 101
\BOOKMARK [2][-]{subsection.C.1.7}{C.1.7 src/histograms.cxx}{section.C.1}% 102
\BOOKMARK [2][-]{subsection.C.1.8}{C.1.8 include/histograms.h}{section.C.1}% 103
\BOOKMARK [2][-]{subsection.C.1.9}{C.1.9 src/timing.cxx}{section.C.1}% 104
\BOOKMARK [2][-]{subsection.C.1.10}{C.1.10 include/timing.h}{section.C.1}% 105
\BOOKMARK [1][-]{section.C.2}{C.2 Merge Code}{appendix.C}% 106
\BOOKMARK [2][-]{subsection.C.2.1}{C.2.1 README.md}{section.C.2}% 107
\BOOKMARK [2][-]{subsection.C.2.2}{C.2.2 Makefile}{section.C.2}% 108
\BOOKMARK [2][-]{subsection.C.2.3}{C.2.3 src/main.cxx}{section.C.2}% 109
\BOOKMARK [2][-]{subsection.C.2.4}{C.2.4 src/histograms.cxx}{section.C.2}% 110
\BOOKMARK [2][-]{subsection.C.2.5}{C.2.5 include/histograms.h}{section.C.2}% 111
\BOOKMARK [1][-]{section.C.3}{C.3 Code Shared between Coincidence and Merge}{appendix.C}% 112
\BOOKMARK [2][-]{subsection.C.3.1}{C.3.1 src/Coefficients.cxx}{section.C.3}% 113
\BOOKMARK [2][-]{subsection.C.3.2}{C.3.2 include/Coefficients.h}{section.C.3}% 114
\BOOKMARK [2][-]{subsection.C.3.3}{C.3.3 src/Constraints.cxx}{section.C.3}% 115
\BOOKMARK [2][-]{subsection.C.3.4}{C.3.4 include/Constraints.h}{section.C.3}% 116
\BOOKMARK [2][-]{subsection.C.3.5}{C.3.5 src/Filelist.cxx}{section.C.3}% 117
\BOOKMARK [2][-]{subsection.C.3.6}{C.3.6 include/Filelist.h}{section.C.3}% 118
\BOOKMARK [1][-]{section.C.4}{C.4 Example User Files}{appendix.C}% 119
\BOOKMARK [2][-]{subsection.C.4.1}{C.4.1 user/Filelist.dat}{section.C.4}% 120
\BOOKMARK [2][-]{subsection.C.4.2}{C.4.2 user/GeCoefficients.dat}{section.C.4}% 121
\BOOKMARK [2][-]{subsection.C.4.3}{C.4.3 user/SiLiCoefficients.dat}{section.C.4}% 122
\BOOKMARK [2][-]{subsection.C.4.4}{C.4.4 user/BGO.dat}{section.C.4}% 123
\BOOKMARK [2][-]{subsection.C.4.5}{C.4.5 user/Timing.dat}{section.C.4}% 124
\BOOKMARK [2][-]{subsection.C.4.6}{C.4.6 user/Cut\137Files/GeCuts.dat}{section.C.4}% 125
\BOOKMARK [2][-]{subsection.C.4.7}{C.4.7 user/Cut\137Files/SiLiCuts.dat}{section.C.4}% 126
\BOOKMARK [2][-]{subsection.C.4.8}{C.4.8 user/Run\137by\137Run/GeCoefficients\137r*.dat}{section.C.4}% 127
\BOOKMARK [0][-]{appendix.D}{Appendix D: ROOT Macro Codes}{}% 128
\BOOKMARK [1][-]{section.D.1}{D.1 FitterProgram.cxx}{appendix.D}% 129
\BOOKMARK [1][-]{section.D.2}{D.2 skewedsubtraction.cxx}{appendix.D}% 130
\BOOKMARK [1][-]{section.D.3}{D.3 Piecewise\137macro.cxx}{appendix.D}% 131
\BOOKMARK [1][-]{section.D.4}{D.4 ROOT2SPE.cxx}{appendix.D}% 132
\BOOKMARK [0][-]{appendix*.143}{Bibliography}{}% 133
